mysql> source hw4.sql
+-------+---------------+
| Maker | Amount_Of_PCs |
+-------+---------------+
| A     |             3 |
| B     |             3 |
| C     |             1 |
| D     |             3 |
| E     |             3 |
+-------+---------------+
5 rows in set (0.00 sec)

+-------+---------------------+
| Maker | Maximum_Screen_Size |
+-------+---------------------+
| E     |  20.100000381469727 |
+-------+---------------------+
1 row in set (0.00 sec)

+-------+---------------+
| Maker | Average_Price |
+-------+---------------+
| G     |     2300.0000 |
| A     |     1489.5000 |
| E     |      949.4444 |
| B     |      939.2500 |
| F     |      795.0000 |
| D     |      513.3333 |
| C     |      510.0000 |
+-------+---------------+
7 rows in set (0.00 sec)

mysql> notee
