mysql> source hw5.sql
+-------+
| Maker |
+-------+
| B     |
| E     |
+-------+
2 rows in set (0.00 sec)

+-------+-------+
| Model | Price |
+-------+-------+
|  3003 |   899 |
+-------+-------+
1 row in set (0.00 sec)

Empty set (0.00 sec)

+-------+
| Model |
+-------+
|  2001 |
+-------+
1 row in set (0.00 sec)

+-------+-------+
| Maker | Model |
+-------+-------+
| E     |  3001 |
+-------+-------+
1 row in set (0.00 sec)

+-------+
| Maker |
+-------+
| B     |
+-------+
1 row in set (0.00 sec)

mysql> notee
